<?xml version="1.0" encoding="UTF-8"?>
<coverage generated="1610912851640" clover="3.2.0">
  <project timestamp="1610912851640" name="All files">
    <metrics statements="22" coveredstatements="18" conditionals="12" coveredconditionals="6" methods="8" coveredmethods="5" elements="42" coveredelements="29" complexity="0" loc="22" ncloc="22" packages="1" files="2" classes="2"/>
    <file name="Reviews.jsx" path="/Users/keaganluttrell/Desktop/docs/hack-reactor/capstone-fec/Reviews-Service/client/components/Reviews.jsx">
      <metrics statements="19" coveredstatements="15" conditionals="12" coveredconditionals="6" methods="7" coveredmethods="4"/>
      <line num="8" count="1" type="stmt"/>
      <line num="9" count="1" type="stmt"/>
      <line num="17" count="1" type="stmt"/>
      <line num="22" count="1" type="stmt"/>
      <line num="23" count="3" type="stmt"/>
      <line num="24" count="2" type="stmt"/>
      <line num="25" count="2" type="stmt"/>
      <line num="26" count="2" type="stmt"/>
      <line num="28" count="2" type="stmt"/>
      <line num="29" count="1" type="stmt"/>
      <line num="31" count="1" type="stmt"/>
      <line num="35" count="2" type="stmt"/>
      <line num="36" count="0" type="cond" truecount="0" falsecount="2"/>
      <line num="37" count="0" type="stmt"/>
      <line num="38" count="0" type="stmt"/>
      <line num="42" count="2" type="stmt"/>
      <line num="43" count="1" type="stmt"/>
      <line num="46" count="2" type="stmt"/>
      <line num="87" count="0" type="cond" truecount="0" falsecount="2"/>
    </file>
    <file name="Star.jsx" path="/Users/keaganluttrell/Desktop/docs/hack-reactor/capstone-fec/Reviews-Service/client/components/Star.jsx">
      <metrics statements="3" coveredstatements="3" conditionals="0" coveredconditionals="0" methods="1" coveredmethods="1"/>
      <line num="4" count="1" type="stmt"/>
      <line num="5" count="27" type="stmt"/>
      <line num="23" count="1" type="stmt"/>
    </file>
  </project>
</coverage>
