{"/Users/keaganluttrell/Desktop/docs/hack-reactor/capstone-fec/Reviews-Service/client/components/Menu.jsx": {"path":"/Users/keaganluttrell/Desktop/docs/hack-reactor/capstone-fec/Reviews-Service/client/components/Menu.jsx","statementMap":{"0":{"start":{"line":4,"column":13},"end":{"line":70,"column":1}},"1":{"start":{"line":5,"column":30},"end":{"line":5,"column":45}},"2":{"start":{"line":6,"column":32},"end":{"line":6,"column":52}},"3":{"start":{"line":8,"column":2},"end":{"line":69,"column":4}},"4":{"start":{"line":12,"column":25},"end":{"line":12,"column":43}},"5":{"start":{"line":13,"column":23},"end":{"line":13,"column":41}},"6":{"start":{"line":32,"column":24},"end":{"line":32,"column":25}},"7":{"start":{"line":33,"column":12},"end":{"line":47,"column":14}},"8":{"start":{"line":36,"column":33},"end":{"line":36,"column":51}},"9":{"start":{"line":38,"column":18},"end":{"line":38,"column":39}},"10":{"start":{"line":39,"column":18},"end":{"line":39,"column":37}},"11":{"start":{"line":61,"column":12},"end":{"line":61,"column":23}},"12":{"start":{"line":62,"column":12},"end":{"line":62,"column":35}},"13":{"start":{"line":72,"column":0},"end":{"line":76,"column":2}}},"fnMap":{"0":{"name":"(anonymous_0)","decl":{"start":{"line":4,"column":13},"end":{"line":4,"column":14}},"loc":{"start":{"line":4,"column":45},"end":{"line":70,"column":1}},"line":4},"1":{"name":"(anonymous_1)","decl":{"start":{"line":12,"column":19},"end":{"line":12,"column":20}},"loc":{"start":{"line":12,"column":25},"end":{"line":12,"column":43}},"line":12},"2":{"name":"(anonymous_2)","decl":{"start":{"line":13,"column":17},"end":{"line":13,"column":18}},"loc":{"start":{"line":13,"column":23},"end":{"line":13,"column":41}},"line":13},"3":{"name":"(anonymous_3)","decl":{"start":{"line":31,"column":23},"end":{"line":31,"column":24}},"loc":{"start":{"line":31,"column":38},"end":{"line":48,"column":11}},"line":31},"4":{"name":"(anonymous_4)","decl":{"start":{"line":36,"column":27},"end":{"line":36,"column":28}},"loc":{"start":{"line":36,"column":33},"end":{"line":36,"column":51}},"line":36},"5":{"name":"(anonymous_5)","decl":{"start":{"line":37,"column":25},"end":{"line":37,"column":26}},"loc":{"start":{"line":37,"column":31},"end":{"line":40,"column":17}},"line":37},"6":{"name":"(anonymous_6)","decl":{"start":{"line":60,"column":19},"end":{"line":60,"column":20}},"loc":{"start":{"line":60,"column":25},"end":{"line":63,"column":11}},"line":60}},"branchMap":{"0":{"loc":{"start":{"line":22,"column":44},"end":{"line":22,"column":66}},"type":"cond-expr","locations":[{"start":{"line":22,"column":53},"end":{"line":22,"column":57}},{"start":{"line":22,"column":60},"end":{"line":22,"column":66}}],"line":22},"1":{"loc":{"start":{"line":29,"column":28},"end":{"line":29,"column":52}},"type":"cond-expr","locations":[{"start":{"line":29,"column":37},"end":{"line":29,"column":43}},{"start":{"line":29,"column":46},"end":{"line":29,"column":52}}],"line":29},"2":{"loc":{"start":{"line":54,"column":19},"end":{"line":54,"column":70}},"type":"cond-expr","locations":[{"start":{"line":54,"column":55},"end":{"line":54,"column":61}},{"start":{"line":54,"column":64},"end":{"line":54,"column":70}}],"line":54},"3":{"loc":{"start":{"line":54,"column":19},"end":{"line":54,"column":52}},"type":"binary-expr","locations":[{"start":{"line":54,"column":19},"end":{"line":54,"column":31}},{"start":{"line":54,"column":35},"end":{"line":54,"column":52}}],"line":54}},"s":{"0":1,"1":14,"2":14,"3":14,"4":2,"5":8,"6":56,"7":56,"8":1,"9":4,"10":4,"11":1,"12":1,"13":1},"f":{"0":14,"1":2,"2":8,"3":56,"4":1,"5":4,"6":1},"b":{"0":[5,9],"1":[5,9],"2":[9,5],"3":[14,9]},"_coverageSchema":"1a1c01bbd47fc00a2c39e90264f33305004495a9","hash":"93e5b0114465003dc93caa29a0b9fd70a24a4ce5"}
,"/Users/keaganluttrell/Desktop/docs/hack-reactor/capstone-fec/Reviews-Service/client/components/Star.jsx": {"path":"/Users/keaganluttrell/Desktop/docs/hack-reactor/capstone-fec/Reviews-Service/client/components/Star.jsx","statementMap":{"0":{"start":{"line":4,"column":13},"end":{"line":21,"column":1}},"1":{"start":{"line":5,"column":2},"end":{"line":20,"column":8}},"2":{"start":{"line":23,"column":0},"end":{"line":25,"column":2}}},"fnMap":{"0":{"name":"(anonymous_0)","decl":{"start":{"line":4,"column":13},"end":{"line":4,"column":14}},"loc":{"start":{"line":5,"column":2},"end":{"line":20,"column":8}},"line":5}},"branchMap":{},"s":{"0":1,"1":12,"2":1},"f":{"0":12},"b":{},"_coverageSchema":"1a1c01bbd47fc00a2c39e90264f33305004495a9","hash":"ff4ed21d9f7ae85a6905ab37713296171dac65ac"}
}
