{"/Users/keaganluttrell/Desktop/docs/hack-reactor/capstone-fec/Reviews-Service/client/components/ReviewList.jsx": {"path":"/Users/keaganluttrell/Desktop/docs/hack-reactor/capstone-fec/Reviews-Service/client/components/ReviewList.jsx","statementMap":{"0":{"start":{"line":6,"column":19},"end":{"line":22,"column":1}},"1":{"start":{"line":7,"column":2},"end":{"line":21,"column":8}},"2":{"start":{"line":9,"column":6},"end":{"line":13,"column":8}},"3":{"start":{"line":24,"column":0},"end":{"line":27,"column":2}}},"fnMap":{"0":{"name":"(anonymous_0)","decl":{"start":{"line":6,"column":19},"end":{"line":6,"column":20}},"loc":{"start":{"line":7,"column":2},"end":{"line":21,"column":8}},"line":7},"1":{"name":"(anonymous_1)","decl":{"start":{"line":8,"column":14},"end":{"line":8,"column":15}},"loc":{"start":{"line":9,"column":6},"end":{"line":13,"column":8}},"line":9}},"branchMap":{"0":{"loc":{"start":{"line":17,"column":24},"end":{"line":17,"column":54}},"type":"cond-expr","locations":[{"start":{"line":17,"column":38},"end":{"line":17,"column":44}},{"start":{"line":17,"column":47},"end":{"line":17,"column":54}}],"line":17}},"s":{"0":1,"1":2,"2":10,"3":1},"f":{"0":2,"1":10},"b":{"0":[1,1]},"_coverageSchema":"1a1c01bbd47fc00a2c39e90264f33305004495a9","hash":"e909f32d3ae3e64c44e6dac27cb50ab0ea377fb1"}
,"/Users/keaganluttrell/Desktop/docs/hack-reactor/capstone-fec/Reviews-Service/spec/data/sampleReviews.js": {"path":"/Users/keaganluttrell/Desktop/docs/hack-reactor/capstone-fec/Reviews-Service/spec/data/sampleReviews.js","statementMap":{"0":{"start":{"line":1,"column":20},"end":{"line":147,"column":1}}},"fnMap":{},"branchMap":{},"s":{"0":1},"f":{},"b":{},"_coverageSchema":"1a1c01bbd47fc00a2c39e90264f33305004495a9","hash":"bebbea4cfae64d60213112674c0a434eba84a9c3"}
}
