TN:
SF:client/components/Menu.jsx
FN:4,(anonymous_0)
FN:12,(anonymous_1)
FN:13,(anonymous_2)
FN:31,(anonymous_3)
FN:36,(anonymous_4)
FN:37,(anonymous_5)
FN:60,(anonymous_6)
FNF:7
FNH:3
FNDA:3,(anonymous_0)
FNDA:0,(anonymous_1)
FNDA:2,(anonymous_2)
FNDA:18,(anonymous_3)
FNDA:0,(anonymous_4)
FNDA:0,(anonymous_5)
FNDA:0,(anonymous_6)
DA:4,1
DA:5,3
DA:6,3
DA:8,3
DA:12,0
DA:13,2
DA:32,18
DA:33,18
DA:36,0
DA:38,0
DA:39,0
DA:61,0
DA:62,0
DA:72,1
LF:14
LH:8
BRDA:22,0,0,1
BRDA:22,0,1,2
BRDA:29,1,0,1
BRDA:29,1,1,2
BRDA:54,2,0,0
BRDA:54,2,1,3
BRDA:54,3,0,3
BRDA:54,3,1,0
BRF:8
BRH:6
end_of_record
TN:
SF:client/components/ReviewList.jsx
FN:6,(anonymous_0)
FN:8,(anonymous_1)
FNF:2
FNH:2
FNDA:2,(anonymous_0)
FNDA:10,(anonymous_1)
DA:6,1
DA:7,2
DA:9,10
DA:24,1
LF:4
LH:4
BRDA:17,0,0,1
BRDA:17,0,1,1
BRF:2
BRH:2
end_of_record
TN:
SF:client/components/Star.jsx
FN:4,(anonymous_0)
FNF:1
FNH:1
FNDA:15,(anonymous_0)
DA:4,2
DA:5,15
DA:23,2
LF:3
LH:3
BRF:0
BRH:0
end_of_record
TN:
SF:spec/data/sampleReviews.js
FNF:0
FNH:0
DA:1,1
LF:1
LH:1
BRF:0
BRH:0
end_of_record
