TN:
SF:client/components/Bar.jsx
FN:5,(anonymous_0)
FNF:1
FNH:1
FNDA:5,(anonymous_0)
DA:5,1
DA:6,5
DA:15,1
LF:3
LH:3
BRF:0
BRH:0
end_of_record
TN:
SF:client/components/Graph.jsx
FN:5,(anonymous_0)
FNF:1
FNH:1
FNDA:1,(anonymous_0)
DA:5,1
DA:6,1
LF:2
LH:2
BRF:0
BRH:0
end_of_record
TN:
SF:client/components/ReviewListItem.jsx
FN:7,(anonymous_0)
FN:34,(anonymous_1)
FN:35,(anonymous_2)
FNF:3
FNH:3
FNDA:4,(anonymous_0)
FNDA:1,(anonymous_1)
FNDA:1,(anonymous_2)
DA:7,2
DA:8,4
DA:10,4
DA:34,1
DA:36,1
DA:37,1
DA:52,2
LF:7
LH:7
BRDA:16,0,0,4
BRDA:16,0,1,0
BRDA:42,1,0,2
BRDA:42,1,1,2
BRF:4
BRH:3
end_of_record
TN:
SF:client/components/Reviews.jsx
FN:21,(anonymous_0)
FN:27,(anonymous_1)
FN:29,(anonymous_2)
FN:30,(anonymous_3)
FN:35,(anonymous_4)
FN:39,(anonymous_5)
FN:40,(anonymous_6)
FN:44,(anonymous_7)
FN:89,(anonymous_8)
FNF:9
FNH:3
FNDA:2,(anonymous_0)
FNDA:1,(anonymous_1)
FNDA:0,(anonymous_2)
FNDA:0,(anonymous_3)
FNDA:0,(anonymous_4)
FNDA:0,(anonymous_5)
FNDA:0,(anonymous_6)
FNDA:1,(anonymous_7)
FNDA:0,(anonymous_8)
DA:7,1
DA:8,1
DA:16,1
DA:21,1
DA:22,2
DA:23,1
DA:24,1
DA:25,1
DA:27,1
DA:28,1
DA:29,0
DA:31,0
DA:35,1
DA:36,0
DA:37,0
DA:39,0
DA:40,0
DA:44,1
DA:45,1
DA:48,1
DA:89,0
LF:21
LH:14
BRDA:36,0,0,0
BRDA:36,0,1,0
BRDA:75,1,0,0
BRDA:75,1,1,1
BRDA:84,2,0,0
BRDA:84,2,1,1
BRDA:89,3,0,0
BRDA:89,3,1,0
BRDA:91,4,0,1
BRDA:91,4,1,0
BRDA:93,5,0,1
BRDA:93,5,1,0
BRF:12
BRH:4
end_of_record
TN:
SF:client/components/Star.jsx
FN:4,(anonymous_0)
FNF:1
FNH:1
FNDA:14,(anonymous_0)
DA:4,2
DA:5,14
DA:23,2
LF:3
LH:3
BRF:0
BRH:0
end_of_record
